Requirement already satisfied: pandas==2.3.2 in /Users/amitmakhija/Desktop/Model_Development/AQF_MP/.venv/lib/python3.13/site-packages (from -r requirements.txt (line 2)) (2.3.2)
Requirement already satisfied: numpy==2.3.3 in /Users/amitmakhija/Desktop/Model_Development/AQF_MP/.venv/lib/python3.13/site-packages (from -r requirements.txt (line 3)) (2.3.3)
Requirement already satisfied: PyYAML==6.0.3 in /Users/amitmakhija/Desktop/Model_Development/AQF_MP/.venv/lib/python3.13/site-packages (from -r requirements.txt (line 4)) (6.0.3)
Requirement already satisfied: scikit-learn==1.7.2 in /Users/amitmakhija/Desktop/Model_Development/AQF_MP/.venv/lib/python3.13/site-packages (from -r requirements.txt (line 5)) (1.7.2)
Requirement already satisfied: omegaconf==2.3.0 in /Users/amitmakhija/Desktop/Model_Development/AQF_MP/.venv/lib/python3.13/site-packages (from -r requirements.txt (line 6)) (2.3.0)
Requirement already satisfied: pyarrow==21.0.0 in /Users/amitmakhija/Desktop/Model_Development/AQF_MP/.venv/lib/python3.13/site-packages (from -r requirements.txt (line 7)) (21.0.0)
Requirement already satisfied: matplotlib==3.9.2 in /Users/amitmakhija/Desktop/Model_Development/AQF_MP/.venv/lib/python3.13/site-packages (from -r requirements.txt (line 9)) (3.9.2)
Requirement already satisfied: python-dateutil>=2.8.2 in /Users/amitmakhija/Desktop/Model_Development/AQF_MP/.venv/lib/python3.13/site-packages (from pandas==2.3.2->-r requirements.txt (line 2)) (2.9.0.post0)
Requirement already satisfied: pytz>=2020.1 in /Users/amitmakhija/Desktop/Model_Development/AQF_MP/.venv/lib/python3.13/site-packages (from pandas==2.3.2->-r requirements.txt (line 2)) (2025.2)
Requirement already satisfied: tzdata>=2022.7 in /Users/amitmakhija/Desktop/Model_Development/AQF_MP/.venv/lib/python3.13/site-packages (from pandas==2.3.2->-r requirements.txt (line 2)) (2025.2)
Requirement already satisfied: scipy>=1.8.0 in /Users/amitmakhija/Desktop/Model_Development/AQF_MP/.venv/lib/python3.13/site-packages (from scikit-learn==1.7.2->-r requirements.txt (line 5)) (1.16.2)
Requirement already satisfied: joblib>=1.2.0 in /Users/amitmakhija/Desktop/Model_Development/AQF_MP/.venv/lib/python3.13/site-packages (from scikit-learn==1.7.2->-r requirements.txt (line 5)) (1.5.2)
Requirement already satisfied: threadpoolctl>=3.1.0 in /Users/amitmakhija/Desktop/Model_Development/AQF_MP/.venv/lib/python3.13/site-packages (from scikit-learn==1.7.2->-r requirements.txt (line 5)) (3.6.0)
Requirement already satisfied: antlr4-python3-runtime==4.9.* in /Users/amitmakhija/Desktop/Model_Development/AQF_MP/.venv/lib/python3.13/site-packages (from omegaconf==2.3.0->-r requirements.txt (line 6)) (4.9.3)
Requirement already satisfied: contourpy>=1.0.1 in /Users/amitmakhija/Desktop/Model_Development/AQF_MP/.venv/lib/python3.13/site-packages (from matplotlib==3.9.2->-r requirements.txt (line 9)) (1.3.3)
Requirement already satisfied: cycler>=0.10 in /Users/amitmakhija/Desktop/Model_Development/AQF_MP/.venv/lib/python3.13/site-packages (from matplotlib==3.9.2->-r requirements.txt (line 9)) (0.12.1)
Requirement already satisfied: fonttools>=4.22.0 in /Users/amitmakhija/Desktop/Model_Development/AQF_MP/.venv/lib/python3.13/site-packages (from matplotlib==3.9.2->-r requirements.txt (line 9)) (4.60.0)
Requirement already satisfied: kiwisolver>=1.3.1 in /Users/amitmakhija/Desktop/Model_Development/AQF_MP/.venv/lib/python3.13/site-packages (from matplotlib==3.9.2->-r requirements.txt (line 9)) (1.4.9)
Requirement already satisfied: packaging>=20.0 in /Users/amitmakhija/Desktop/Model_Development/AQF_MP/.venv/lib/python3.13/site-packages (from matplotlib==3.9.2->-r requirements.txt (line 9)) (25.0)
Requirement already satisfied: pillow>=8 in /Users/amitmakhija/Desktop/Model_Development/AQF_MP/.venv/lib/python3.13/site-packages (from matplotlib==3.9.2->-r requirements.txt (line 9)) (11.3.0)
Requirement already satisfied: pyparsing>=2.3.1 in /Users/amitmakhija/Desktop/Model_Development/AQF_MP/.venv/lib/python3.13/site-packages (from matplotlib==3.9.2->-r requirements.txt (line 9)) (3.2.5)
Requirement already satisfied: six>=1.5 in /Users/amitmakhija/Desktop/Model_Development/AQF_MP/.venv/lib/python3.13/site-packages (from python-dateutil>=2.8.2->pandas==2.3.2->-r requirements.txt (line 2)) (1.17.0)
